2011.05.26 07:55 B Q:\WebsDev\TKC_Webmapping\TKC_jquery_gmap-frm\css\smoothness\images\Thumbs.db --> ftp.alaskamapper.com /public_html/TKC_gmap/css/smoothness/images Thumbs.db
2011.05.26 07:55 B Q:\WebsDev\TKC_Webmapping\TKC_jquery_gmap-frm\css\smoothness\images\ui-bg_flat_0_aaaaaa_40x100.png --> ftp.alaskamapper.com /public_html/TKC_gmap/css/smoothness/images ui-bg_flat_0_aaaaaa_40x100.png
2011.05.26 07:55 B Q:\WebsDev\TKC_Webmapping\TKC_jquery_gmap-frm\css\smoothness\images\ui-bg_flat_75_ffffff_40x100.png --> ftp.alaskamapper.com /public_html/TKC_gmap/css/smoothness/images ui-bg_flat_75_ffffff_40x100.png
2011.05.26 07:55 B Q:\WebsDev\TKC_Webmapping\TKC_jquery_gmap-frm\css\smoothness\images\ui-bg_glass_55_fbf9ee_1x400.png --> ftp.alaskamapper.com /public_html/TKC_gmap/css/smoothness/images ui-bg_glass_55_fbf9ee_1x400.png
2011.05.26 07:55 B Q:\WebsDev\TKC_Webmapping\TKC_jquery_gmap-frm\css\smoothness\images\ui-bg_glass_65_ffffff_1x400.png --> ftp.alaskamapper.com /public_html/TKC_gmap/css/smoothness/images ui-bg_glass_65_ffffff_1x400.png
2011.05.26 07:55 B Q:\WebsDev\TKC_Webmapping\TKC_jquery_gmap-frm\css\smoothness\images\ui-bg_glass_75_dadada_1x400.png --> ftp.alaskamapper.com /public_html/TKC_gmap/css/smoothness/images ui-bg_glass_75_dadada_1x400.png
2011.05.26 07:55 B Q:\WebsDev\TKC_Webmapping\TKC_jquery_gmap-frm\css\smoothness\images\ui-bg_glass_75_e6e6e6_1x400.png --> ftp.alaskamapper.com /public_html/TKC_gmap/css/smoothness/images ui-bg_glass_75_e6e6e6_1x400.png
2011.05.26 07:55 B Q:\WebsDev\TKC_Webmapping\TKC_jquery_gmap-frm\css\smoothness\images\ui-bg_glass_95_fef1ec_1x400.png --> ftp.alaskamapper.com /public_html/TKC_gmap/css/smoothness/images ui-bg_glass_95_fef1ec_1x400.png
2011.05.26 07:55 B Q:\WebsDev\TKC_Webmapping\TKC_jquery_gmap-frm\css\smoothness\images\ui-bg_highlight-soft_75_cccccc_1x100.png --> ftp.alaskamapper.com /public_html/TKC_gmap/css/smoothness/images ui-bg_highlight-soft_75_cccccc_1x100.png
2011.05.26 07:55 B Q:\WebsDev\TKC_Webmapping\TKC_jquery_gmap-frm\css\smoothness\images\ui-icons_222222_256x240.png --> ftp.alaskamapper.com /public_html/TKC_gmap/css/smoothness/images ui-icons_222222_256x240.png
2011.05.26 07:55 B Q:\WebsDev\TKC_Webmapping\TKC_jquery_gmap-frm\css\smoothness\images\ui-icons_2e83ff_256x240.png --> ftp.alaskamapper.com /public_html/TKC_gmap/css/smoothness/images ui-icons_2e83ff_256x240.png
2011.05.26 07:55 B Q:\WebsDev\TKC_Webmapping\TKC_jquery_gmap-frm\css\smoothness\images\ui-icons_454545_256x240.png --> ftp.alaskamapper.com /public_html/TKC_gmap/css/smoothness/images ui-icons_454545_256x240.png
2011.05.26 07:55 B Q:\WebsDev\TKC_Webmapping\TKC_jquery_gmap-frm\css\smoothness\images\ui-icons_888888_256x240.png --> ftp.alaskamapper.com /public_html/TKC_gmap/css/smoothness/images ui-icons_888888_256x240.png
2011.05.26 07:55 B Q:\WebsDev\TKC_Webmapping\TKC_jquery_gmap-frm\css\smoothness\images\ui-icons_cd0a0a_256x240.png --> ftp.alaskamapper.com /public_html/TKC_gmap/css/smoothness/images ui-icons_cd0a0a_256x240.png
2011.05.26 13:52 B Q:\WebsDev\TKC_Webmapping\TKC_jquery_gmap-frm\css\smoothness\images\WS_FTP.LOG --> ftp.alaskamapper.com /public_html/TKC_gmap/css/smoothness/images WS_FTP.LOG
2011.09.15 18:27 B Q:\WebsDev\TKC_Webmapping\TKC_jquery_gmap-frm_info\css\smoothness\images\Thumbs.db --> ftp.alaskamapper.com /public_html/TKC_gmap_test/css/smoothness/images Thumbs.db
2011.09.15 18:27 B Q:\WebsDev\TKC_Webmapping\TKC_jquery_gmap-frm_info\css\smoothness\images\ui-bg_flat_0_aaaaaa_40x100.png --> ftp.alaskamapper.com /public_html/TKC_gmap_test/css/smoothness/images ui-bg_flat_0_aaaaaa_40x100.png
2011.09.15 18:27 B Q:\WebsDev\TKC_Webmapping\TKC_jquery_gmap-frm_info\css\smoothness\images\ui-bg_flat_75_ffffff_40x100.png --> ftp.alaskamapper.com /public_html/TKC_gmap_test/css/smoothness/images ui-bg_flat_75_ffffff_40x100.png
2011.09.15 18:27 B Q:\WebsDev\TKC_Webmapping\TKC_jquery_gmap-frm_info\css\smoothness\images\ui-bg_glass_55_fbf9ee_1x400.png --> ftp.alaskamapper.com /public_html/TKC_gmap_test/css/smoothness/images ui-bg_glass_55_fbf9ee_1x400.png
2011.09.15 18:27 B Q:\WebsDev\TKC_Webmapping\TKC_jquery_gmap-frm_info\css\smoothness\images\ui-bg_glass_65_ffffff_1x400.png --> ftp.alaskamapper.com /public_html/TKC_gmap_test/css/smoothness/images ui-bg_glass_65_ffffff_1x400.png
2011.09.15 18:27 B Q:\WebsDev\TKC_Webmapping\TKC_jquery_gmap-frm_info\css\smoothness\images\ui-bg_glass_75_dadada_1x400.png --> ftp.alaskamapper.com /public_html/TKC_gmap_test/css/smoothness/images ui-bg_glass_75_dadada_1x400.png
2011.09.15 18:27 B Q:\WebsDev\TKC_Webmapping\TKC_jquery_gmap-frm_info\css\smoothness\images\ui-bg_glass_75_e6e6e6_1x400.png --> ftp.alaskamapper.com /public_html/TKC_gmap_test/css/smoothness/images ui-bg_glass_75_e6e6e6_1x400.png
2011.09.15 18:27 B Q:\WebsDev\TKC_Webmapping\TKC_jquery_gmap-frm_info\css\smoothness\images\ui-bg_glass_95_fef1ec_1x400.png --> ftp.alaskamapper.com /public_html/TKC_gmap_test/css/smoothness/images ui-bg_glass_95_fef1ec_1x400.png
2011.09.15 18:27 B Q:\WebsDev\TKC_Webmapping\TKC_jquery_gmap-frm_info\css\smoothness\images\ui-bg_highlight-soft_75_cccccc_1x100.png --> ftp.alaskamapper.com /public_html/TKC_gmap_test/css/smoothness/images ui-bg_highlight-soft_75_cccccc_1x100.png
2011.09.15 18:27 B Q:\WebsDev\TKC_Webmapping\TKC_jquery_gmap-frm_info\css\smoothness\images\ui-icons_222222_256x240.png --> ftp.alaskamapper.com /public_html/TKC_gmap_test/css/smoothness/images ui-icons_222222_256x240.png
2011.09.15 18:27 B Q:\WebsDev\TKC_Webmapping\TKC_jquery_gmap-frm_info\css\smoothness\images\ui-icons_2e83ff_256x240.png --> ftp.alaskamapper.com /public_html/TKC_gmap_test/css/smoothness/images ui-icons_2e83ff_256x240.png
2011.09.15 18:27 B Q:\WebsDev\TKC_Webmapping\TKC_jquery_gmap-frm_info\css\smoothness\images\ui-icons_454545_256x240.png --> ftp.alaskamapper.com /public_html/TKC_gmap_test/css/smoothness/images ui-icons_454545_256x240.png
2011.09.15 18:27 B Q:\WebsDev\TKC_Webmapping\TKC_jquery_gmap-frm_info\css\smoothness\images\ui-icons_888888_256x240.png --> ftp.alaskamapper.com /public_html/TKC_gmap_test/css/smoothness/images ui-icons_888888_256x240.png
2011.09.15 18:27 B Q:\WebsDev\TKC_Webmapping\TKC_jquery_gmap-frm_info\css\smoothness\images\ui-icons_cd0a0a_256x240.png --> ftp.alaskamapper.com /public_html/TKC_gmap_test/css/smoothness/images ui-icons_cd0a0a_256x240.png
2011.09.15 18:27 B Q:\WebsDev\TKC_Webmapping\TKC_jquery_gmap-frm_info\css\smoothness\images\WS_FTP.LOG --> ftp.alaskamapper.com /public_html/TKC_gmap_test/css/smoothness/images WS_FTP.LOG
2013.12.04 15:57 B Q:\WebsDev\AKTrails\aktrails_gmap_v3\css\smoothness\images\Thumbs.db --> ftp.aktrails.org /public_html/map/css/smoothness/images Thumbs.db
2013.12.04 15:57 B Q:\WebsDev\AKTrails\aktrails_gmap_v3\css\smoothness\images\ui-bg_flat_0_aaaaaa_40x100.png --> ftp.aktrails.org /public_html/map/css/smoothness/images ui-bg_flat_0_aaaaaa_40x100.png
2013.12.04 15:57 B Q:\WebsDev\AKTrails\aktrails_gmap_v3\css\smoothness\images\ui-bg_flat_75_ffffff_40x100.png --> ftp.aktrails.org /public_html/map/css/smoothness/images ui-bg_flat_75_ffffff_40x100.png
2013.12.04 15:57 B Q:\WebsDev\AKTrails\aktrails_gmap_v3\css\smoothness\images\ui-bg_glass_55_fbf9ee_1x400.png --> ftp.aktrails.org /public_html/map/css/smoothness/images ui-bg_glass_55_fbf9ee_1x400.png
2013.12.04 15:57 B Q:\WebsDev\AKTrails\aktrails_gmap_v3\css\smoothness\images\ui-bg_glass_65_ffffff_1x400.png --> ftp.aktrails.org /public_html/map/css/smoothness/images ui-bg_glass_65_ffffff_1x400.png
2013.12.04 15:57 B Q:\WebsDev\AKTrails\aktrails_gmap_v3\css\smoothness\images\ui-bg_glass_75_dadada_1x400.png --> ftp.aktrails.org /public_html/map/css/smoothness/images ui-bg_glass_75_dadada_1x400.png
2013.12.04 15:57 B Q:\WebsDev\AKTrails\aktrails_gmap_v3\css\smoothness\images\ui-bg_glass_75_e6e6e6_1x400.png --> ftp.aktrails.org /public_html/map/css/smoothness/images ui-bg_glass_75_e6e6e6_1x400.png
2013.12.04 15:57 B Q:\WebsDev\AKTrails\aktrails_gmap_v3\css\smoothness\images\ui-bg_glass_95_fef1ec_1x400.png --> ftp.aktrails.org /public_html/map/css/smoothness/images ui-bg_glass_95_fef1ec_1x400.png
2013.12.04 15:57 B Q:\WebsDev\AKTrails\aktrails_gmap_v3\css\smoothness\images\ui-bg_highlight-soft_75_cccccc_1x100.png --> ftp.aktrails.org /public_html/map/css/smoothness/images ui-bg_highlight-soft_75_cccccc_1x100.png
2013.12.04 15:57 B Q:\WebsDev\AKTrails\aktrails_gmap_v3\css\smoothness\images\ui-icons_222222_256x240.png --> ftp.aktrails.org /public_html/map/css/smoothness/images ui-icons_222222_256x240.png
2013.12.04 15:57 B Q:\WebsDev\AKTrails\aktrails_gmap_v3\css\smoothness\images\ui-icons_2e83ff_256x240.png --> ftp.aktrails.org /public_html/map/css/smoothness/images ui-icons_2e83ff_256x240.png
2013.12.04 15:57 B Q:\WebsDev\AKTrails\aktrails_gmap_v3\css\smoothness\images\ui-icons_454545_256x240.png --> ftp.aktrails.org /public_html/map/css/smoothness/images ui-icons_454545_256x240.png
2013.12.04 15:57 B Q:\WebsDev\AKTrails\aktrails_gmap_v3\css\smoothness\images\ui-icons_888888_256x240.png --> ftp.aktrails.org /public_html/map/css/smoothness/images ui-icons_888888_256x240.png
2013.12.04 15:57 B Q:\WebsDev\AKTrails\aktrails_gmap_v3\css\smoothness\images\ui-icons_cd0a0a_256x240.png --> ftp.aktrails.org /public_html/map/css/smoothness/images ui-icons_cd0a0a_256x240.png
2013.12.04 15:57 B Q:\WebsDev\AKTrails\aktrails_gmap_v3\css\smoothness\images\WS_FTP.LOG --> ftp.aktrails.org /public_html/map/css/smoothness/images WS_FTP.LOG
