2011.05.26 07:56 B Q:\WebsDev\TKC_Webmapping\TKC_jquery_gmap-frm\images\grs_logo.gif --> ftp.alaskamapper.com /public_html/TKC_gmap/images grs_logo.gif
2011.05.26 07:56 B Q:\WebsDev\TKC_Webmapping\TKC_jquery_gmap-frm\images\grs_logo_sml.gif --> ftp.alaskamapper.com /public_html/TKC_gmap/images grs_logo_sml.gif
2011.05.26 07:56 B Q:\WebsDev\TKC_Webmapping\TKC_jquery_gmap-frm\images\Grslgoclr_initial.gif --> ftp.alaskamapper.com /public_html/TKC_gmap/images Grslgoclr_initial.gif
2011.05.26 07:56 B Q:\WebsDev\TKC_Webmapping\TKC_jquery_gmap-frm\images\tkc_logo_cropped.jpg --> ftp.alaskamapper.com /public_html/TKC_gmap/images tkc_logo_cropped.jpg
2011.05.26 07:56 B Q:\WebsDev\TKC_Webmapping\TKC_jquery_gmap-frm\images\tkc_logo_sml.jpg --> ftp.alaskamapper.com /public_html/TKC_gmap/images tkc_logo_sml.jpg
2011.05.26 13:52 B Q:\WebsDev\TKC_Webmapping\TKC_jquery_gmap-frm\images\WS_FTP.LOG --> ftp.alaskamapper.com /public_html/TKC_gmap/images WS_FTP.LOG
2011.09.15 18:22 B Q:\WebsDev\TKC_Webmapping\TKC_jquery_gmap-frm_info\images\grs_logo.gif --> ftp.alaskamapper.com /public_html/TKC_gmap_test/images grs_logo.gif
2011.09.15 18:22 B Q:\WebsDev\TKC_Webmapping\TKC_jquery_gmap-frm_info\images\grs_logo_sml.gif --> ftp.alaskamapper.com /public_html/TKC_gmap_test/images grs_logo_sml.gif
2011.09.15 18:22 B Q:\WebsDev\TKC_Webmapping\TKC_jquery_gmap-frm_info\images\Grslgoclr_initial.gif --> ftp.alaskamapper.com /public_html/TKC_gmap_test/images Grslgoclr_initial.gif
2011.09.15 18:22 B Q:\WebsDev\TKC_Webmapping\TKC_jquery_gmap-frm_info\images\Thumbs.db --> ftp.alaskamapper.com /public_html/TKC_gmap_test/images Thumbs.db
2011.09.15 18:22 B Q:\WebsDev\TKC_Webmapping\TKC_jquery_gmap-frm_info\images\tkc_logo_cropped.jpg --> ftp.alaskamapper.com /public_html/TKC_gmap_test/images tkc_logo_cropped.jpg
2011.09.15 18:22 B Q:\WebsDev\TKC_Webmapping\TKC_jquery_gmap-frm_info\images\tkc_logo_sml.jpg --> ftp.alaskamapper.com /public_html/TKC_gmap_test/images tkc_logo_sml.jpg
2011.09.15 18:22 B Q:\WebsDev\TKC_Webmapping\TKC_jquery_gmap-frm_info\images\WS_FTP.LOG --> ftp.alaskamapper.com /public_html/TKC_gmap_test/images WS_FTP.LOG
2013.12.04 15:57 B Q:\WebsDev\AKTrails\aktrails_gmap_v3\images\aktrails_hd2.jpg --> ftp.aktrails.org /public_html/map/images aktrails_hd2.jpg
2013.12.04 15:57 B Q:\WebsDev\AKTrails\aktrails_gmap_v3\images\aktrails_hd2_txt.jpg --> ftp.aktrails.org /public_html/map/images aktrails_hd2_txt.jpg
2013.12.04 15:57 B Q:\WebsDev\AKTrails\aktrails_gmap_v3\images\aktrailsheader.jpg --> ftp.aktrails.org /public_html/map/images aktrailsheader.jpg
2013.12.04 15:57 B Q:\WebsDev\AKTrails\aktrails_gmap_v3\images\grs_logo.gif --> ftp.aktrails.org /public_html/map/images grs_logo.gif
2013.12.04 15:57 B Q:\WebsDev\AKTrails\aktrails_gmap_v3\images\grs_logo_sml.gif --> ftp.aktrails.org /public_html/map/images grs_logo_sml.gif
2013.12.04 15:57 B Q:\WebsDev\AKTrails\aktrails_gmap_v3\images\Grslgoclr_initial.gif --> ftp.aktrails.org /public_html/map/images Grslgoclr_initial.gif
2013.12.04 15:57 B Q:\WebsDev\AKTrails\aktrails_gmap_v3\images\Thumbs.db --> ftp.aktrails.org /public_html/map/images Thumbs.db
2013.12.04 15:57 B Q:\WebsDev\AKTrails\aktrails_gmap_v3\images\tkc_logo_cropped.jpg --> ftp.aktrails.org /public_html/map/images tkc_logo_cropped.jpg
2013.12.04 15:57 B Q:\WebsDev\AKTrails\aktrails_gmap_v3\images\tkc_logo_sml.jpg --> ftp.aktrails.org /public_html/map/images tkc_logo_sml.jpg
2013.12.04 15:57 B Q:\WebsDev\AKTrails\aktrails_gmap_v3\images\WS_FTP.LOG --> ftp.aktrails.org /public_html/map/images WS_FTP.LOG
