2011.09.15 18:23 B Q:\WebsDev\TKC_Webmapping\TKC_jquery_gmap-frm_info\src\Copy of map_layers.js --> ftp.alaskamapper.com /public_html/TKC_gmap_test/src Copy of map_layers.js
2011.09.15 18:23 B Q:\WebsDev\TKC_Webmapping\TKC_jquery_gmap-frm_info\src\dragzoom_func.js --> ftp.alaskamapper.com /public_html/TKC_gmap_test/src dragzoom_func.js
2011.09.15 18:23 B Q:\WebsDev\TKC_Webmapping\TKC_jquery_gmap-frm_info\src\gmap_tkc.js --> ftp.alaskamapper.com /public_html/TKC_gmap_test/src gmap_tkc.js
2011.09.15 18:23 B Q:\WebsDev\TKC_Webmapping\TKC_jquery_gmap-frm_info\src\gmap_tkc.js.bak --> ftp.alaskamapper.com /public_html/TKC_gmap_test/src gmap_tkc.js.bak
2011.09.15 18:23 B Q:\WebsDev\TKC_Webmapping\TKC_jquery_gmap-frm_info\src\map_bookmarks.js --> ftp.alaskamapper.com /public_html/TKC_gmap_test/src map_bookmarks.js
2011.09.15 18:23 B Q:\WebsDev\TKC_Webmapping\TKC_jquery_gmap-frm_info\src\map_bookmarks.js.bak --> ftp.alaskamapper.com /public_html/TKC_gmap_test/src map_bookmarks.js.bak
2011.09.15 18:24 B Q:\WebsDev\TKC_Webmapping\TKC_jquery_gmap-frm_info\src\map_layers.js --> ftp.alaskamapper.com /public_html/TKC_gmap_test/src map_layers.js
2011.09.15 18:24 B Q:\WebsDev\TKC_Webmapping\TKC_jquery_gmap-frm_info\src\map_layers.js.bak --> ftp.alaskamapper.com /public_html/TKC_gmap_test/src map_layers.js.bak
2011.09.15 18:24 B Q:\WebsDev\TKC_Webmapping\TKC_jquery_gmap-frm_info\src\na_locations.js --> ftp.alaskamapper.com /public_html/TKC_gmap_test/src na_locations.js
2011.09.15 18:24 B Q:\WebsDev\TKC_Webmapping\TKC_jquery_gmap-frm_info\src\na_locations.js.bak --> ftp.alaskamapper.com /public_html/TKC_gmap_test/src na_locations.js.bak
2011.09.15 18:24 B Q:\WebsDev\TKC_Webmapping\TKC_jquery_gmap-frm_info\src\proxy.php --> ftp.alaskamapper.com /public_html/TKC_gmap_test/src proxy.php
2011.09.15 18:24 B Q:\WebsDev\TKC_Webmapping\TKC_jquery_gmap-frm_info\src\transport.phps --> ftp.alaskamapper.com /public_html/TKC_gmap_test/src transport.phps
2011.09.15 18:24 B Q:\WebsDev\TKC_Webmapping\TKC_jquery_gmap-frm_info\src\trs_locations.js --> ftp.alaskamapper.com /public_html/TKC_gmap_test/src trs_locations.js
2011.09.15 18:24 B Q:\WebsDev\TKC_Webmapping\TKC_jquery_gmap-frm_info\src\trs_locations.js.bak --> ftp.alaskamapper.com /public_html/TKC_gmap_test/src trs_locations.js.bak
2011.09.15 18:24 B Q:\WebsDev\TKC_Webmapping\TKC_jquery_gmap-frm_info\src\wms236.js --> ftp.alaskamapper.com /public_html/TKC_gmap_test/src wms236.js
2013.06.18 13:30 B Q:\WebsDev\TKC_Webmapping\TKC_jquery_gmap-frm_info\src\map_layers.js --> grsgis.com /public_html/TKC_gmap/src map_layers.js
2013.12.04 15:58 B Q:\WebsDev\AKTrails\aktrails_gmap_v3\src\bookmarks.js --> ftp.aktrails.org /public_html/map/src bookmarks.js
2013.12.04 15:58 B Q:\WebsDev\AKTrails\aktrails_gmap_v3\src\Copy of map_layers.js --> ftp.aktrails.org /public_html/map/src Copy of map_layers.js
2013.12.04 15:58 B Q:\WebsDev\AKTrails\aktrails_gmap_v3\src\gmap_aktrails.js --> ftp.aktrails.org /public_html/map/src gmap_aktrails.js
2013.12.04 15:58 B Q:\WebsDev\AKTrails\aktrails_gmap_v3\src\keydragzoom.js --> ftp.aktrails.org /public_html/map/src keydragzoom.js
2013.12.04 15:58 B Q:\WebsDev\AKTrails\aktrails_gmap_v3\src\map_layers 20120131.zip --> ftp.aktrails.org /public_html/map/src map_layers 20120131.zip
2013.12.04 15:58 B Q:\WebsDev\AKTrails\aktrails_gmap_v3\src\map_layers.js --> ftp.aktrails.org /public_html/map/src map_layers.js
2013.12.04 15:58 B Q:\WebsDev\AKTrails\aktrails_gmap_v3\src\proxy.php --> ftp.aktrails.org /public_html/map/src proxy.php
2013.12.04 15:58 B Q:\WebsDev\AKTrails\aktrails_gmap_v3\src\transport.phps --> ftp.aktrails.org /public_html/map/src transport.phps
2013.12.04 15:58 B Q:\WebsDev\AKTrails\aktrails_gmap_v3\src\trs_locations.js --> ftp.aktrails.org /public_html/map/src trs_locations.js
2013.12.04 15:58 B Q:\WebsDev\AKTrails\aktrails_gmap_v3\src\wms236.js --> ftp.aktrails.org /public_html/map/src wms236.js
2013.12.04 15:58 B Q:\WebsDev\AKTrails\aktrails_gmap_v3\src\WS_FTP.LOG --> ftp.aktrails.org /public_html/map/src WS_FTP.LOG
2013.12.05 15:33 B Q:\WebsDev\AKTrails\aktrails_gmap_v3\src\gmap_aktrails.js --> ftp.aktrails.org /www/map/src gmap_aktrails.js
2013.12.05 15:33 B Q:\WebsDev\AKTrails\aktrails_gmap_v3\src\gmap_aktrails.js.bak --> ftp.aktrails.org /www/map/src gmap_aktrails.js.bak
2013.12.05 15:33 B Q:\WebsDev\AKTrails\aktrails_gmap_v3\src\gmap_measure.js --> ftp.aktrails.org /www/map/src gmap_measure.js
2013.12.05 15:33 B Q:\WebsDev\AKTrails\aktrails_gmap_v3\src\gmap_measure.js.bak --> ftp.aktrails.org /www/map/src gmap_measure.js.bak
2013.12.05 15:33 B Q:\WebsDev\AKTrails\aktrails_gmap_v3\src\map_layers.js --> ftp.aktrails.org /www/map/src map_layers.js
2013.12.05 15:33 B Q:\WebsDev\AKTrails\aktrails_gmap_v3\src\map_layers.js.bak --> ftp.aktrails.org /www/map/src map_layers.js.bak
2013.12.12 17:10 B Q:\WebsDev\AKTrails\aktrails_gmap_v3\src\map_layers.js --> ftp.aktrails.org /public_html/map/src map_layers.js
2013.12.12 17:10 B Q:\WebsDev\AKTrails\aktrails_gmap_v3\src\gmap_aktrails.js --> ftp.aktrails.org /public_html/map/src gmap_aktrails.js
2013.12.16 10:16 B Q:\WebsDev\AKTrails\aktrails_gmap_v3\src\gmap_aktrails.js <-- AKTrails_BlueHost /public_html/map/src gmap_aktrails.js
2013.12.16 10:17 B Q:\WebsDev\AKTrails\aktrails_gmap_v3\src\map_layers.js <-- AKTrails_BlueHost /public_html/map/src map_layers.js
2013.12.18 15:59 B Q:\WebsDev\AKTrails\aktrails_gmap_v3\src\bookmarks.js --> ftp.aktrails.org /public_html/map/src bookmarks.js
2013.12.18 15:59 B Q:\WebsDev\AKTrails\aktrails_gmap_v3\src\gmap_aktrails.js --> ftp.aktrails.org /public_html/map/src gmap_aktrails.js
2013.12.18 16:15 B Q:\WebsDev\AKTrails\aktrails_gmap_v3\src\gmap_aktrails.js --> ftp.aktrails.org /public_html/map/src gmap_aktrails.js
